{"row": "c3", "chunk": 0, "seed": 830000, "shots": 500000, "fails": 542, "cum_shots": 500000, "cum_fails": 542, "t": 259.3}
{"row": "c3", "chunk": 1, "seed": 830001, "shots": 500000, "fails": 478, "cum_shots": 1000000, "cum_fails": 1020, "t": 518.4}
{"row": "c3", "chunk": 2, "seed": 830002, "shots": 500000, "fails": 530, "cum_shots": 1500000, "cum_fails": 1550, "t": 774.4}
{"row": "c3", "chunk": 3, "seed": 830003, "shots": 500000, "fails": 449, "cum_shots": 2000000, "cum_fails": 1999, "t": 1032.4}
{"stage": "S8-row", "row": "C3 find [34,6,12]", "key": "c3", "m": 1.0, "shots": 2000000, "fails": 1999, "p_any": 0.0009995, "eps": 2.0834632164457023e-05, "eps_ci95": [1.9930727714001506e-05, 2.1768993046400453e-05], "floor_eps_ub": null, "scoreboard_kind": "measurement", "capped": null, "wall_s": 1032.4}
{"row": "rep7", "chunk": 0, "seed": 840000, "shots": 500000, "fails": 2, "cum_shots": 500000, "cum_fails": 2, "t": 5.7}
{"row": "rep7", "chunk": 1, "seed": 840001, "shots": 500000, "fails": 1, "cum_shots": 1000000, "cum_fails": 3, "t": 11.4}
{"row": "rep7", "chunk": 2, "seed": 840002, "shots": 500000, "fails": 0, "cum_shots": 1500000, "cum_fails": 3, "t": 17.0}
{"row": "rep7", "chunk": 3, "seed": 840003, "shots": 500000, "fails": 3, "cum_shots": 2000000, "cum_fails": 6, "t": 22.8}
{"row": "rep7", "chunk": 4, "seed": 840004, "shots": 500000, "fails": 8, "cum_shots": 2500000, "cum_fails": 14, "t": 28.4}
{"row": "rep7", "chunk": 5, "seed": 840005, "shots": 500000, "fails": 1, "cum_shots": 3000000, "cum_fails": 15, "t": 34.1}
{"row": "rep7", "chunk": 6, "seed": 840006, "shots": 500000, "fails": 1, "cum_shots": 3500000, "cum_fails": 16, "t": 39.8}
{"row": "rep7", "chunk": 7, "seed": 840007, "shots": 500000, "fails": 2, "cum_shots": 4000000, "cum_fails": 18, "t": 45.4}
{"row": "rep7", "chunk": 8, "seed": 840008, "shots": 500000, "fails": 7, "cum_shots": 4500000, "cum_fails": 25, "t": 51.1}
{"row": "rep7", "chunk": 9, "seed": 840009, "shots": 500000, "fails": 2, "cum_shots": 5000000, "cum_fails": 27, "t": 56.8}
{"row": "rep7", "chunk": 10, "seed": 840010, "shots": 500000, "fails": 2, "cum_shots": 5500000, "cum_fails": 29, "t": 62.5}
{"row": "rep7", "chunk": 11, "seed": 840011, "shots": 500000, "fails": 3, "cum_shots": 6000000, "cum_fails": 32, "t": 68.2}
{"row": "rep7", "chunk": 12, "seed": 840012, "shots": 500000, "fails": 2, "cum_shots": 6500000, "cum_fails": 34, "t": 73.8}
{"row": "rep7", "chunk": 13, "seed": 840013, "shots": 500000, "fails": 1, "cum_shots": 7000000, "cum_fails": 35, "t": 79.5}
{"row": "rep7", "chunk": 14, "seed": 840014, "shots": 500000, "fails": 3, "cum_shots": 7500000, "cum_fails": 38, "t": 85.1}
{"row": "rep7", "chunk": 15, "seed": 840015, "shots": 500000, "fails": 1, "cum_shots": 8000000, "cum_fails": 39, "t": 90.8}
{"row": "rep7", "chunk": 16, "seed": 840016, "shots": 500000, "fails": 7, "cum_shots": 8500000, "cum_fails": 46, "t": 96.5}
{"row": "rep7", "chunk": 17, "seed": 840017, "shots": 500000, "fails": 2, "cum_shots": 9000000, "cum_fails": 48, "t": 102.1}
{"row": "rep7", "chunk": 18, "seed": 840018, "shots": 500000, "fails": 1, "cum_shots": 9500000, "cum_fails": 49, "t": 107.8}
{"row": "rep7", "chunk": 19, "seed": 840019, "shots": 500000, "fails": 4, "cum_shots": 10000000, "cum_fails": 53, "t": 113.3}
{"row": "rep7", "chunk": 20, "seed": 840020, "shots": 500000, "fails": 2, "cum_shots": 10500000, "cum_fails": 55, "t": 118.8}
{"row": "rep7", "chunk": 21, "seed": 840021, "shots": 500000, "fails": 2, "cum_shots": 11000000, "cum_fails": 57, "t": 124.4}
{"row": "rep7", "chunk": 22, "seed": 840022, "shots": 500000, "fails": 2, "cum_shots": 11500000, "cum_fails": 59, "t": 130.0}
{"row": "rep7", "chunk": 23, "seed": 840023, "shots": 500000, "fails": 1, "cum_shots": 12000000, "cum_fails": 60, "t": 135.6}
{"row": "rep7", "chunk": 24, "seed": 840024, "shots": 500000, "fails": 4, "cum_shots": 12500000, "cum_fails": 64, "t": 141.1}
{"row": "rep7", "chunk": 25, "seed": 840025, "shots": 500000, "fails": 2, "cum_shots": 13000000, "cum_fails": 66, "t": 146.7}
{"row": "rep7", "chunk": 26, "seed": 840026, "shots": 500000, "fails": 0, "cum_shots": 13500000, "cum_fails": 66, "t": 152.2}
{"row": "rep7", "chunk": 27, "seed": 840027, "shots": 500000, "fails": 1, "cum_shots": 14000000, "cum_fails": 67, "t": 157.7}
{"row": "rep7", "chunk": 28, "seed": 840028, "shots": 500000, "fails": 2, "cum_shots": 14500000, "cum_fails": 69, "t": 163.3}
{"row": "rep7", "chunk": 29, "seed": 840029, "shots": 500000, "fails": 5, "cum_shots": 15000000, "cum_fails": 74, "t": 168.9}
{"row": "rep7", "chunk": 30, "seed": 840030, "shots": 500000, "fails": 3, "cum_shots": 15500000, "cum_fails": 77, "t": 174.4}
{"row": "rep7", "chunk": 31, "seed": 840031, "shots": 500000, "fails": 1, "cum_shots": 16000000, "cum_fails": 78, "t": 179.9}
{"row": "rep7", "chunk": 32, "seed": 840032, "shots": 500000, "fails": 1, "cum_shots": 16500000, "cum_fails": 79, "t": 185.5}
{"row": "rep7", "chunk": 33, "seed": 840033, "shots": 500000, "fails": 3, "cum_shots": 17000000, "cum_fails": 82, "t": 191.0}
{"row": "rep7", "chunk": 34, "seed": 840034, "shots": 500000, "fails": 4, "cum_shots": 17500000, "cum_fails": 86, "t": 196.5}
{"row": "rep7", "chunk": 35, "seed": 840035, "shots": 500000, "fails": 1, "cum_shots": 18000000, "cum_fails": 87, "t": 202.1}
{"row": "rep7", "chunk": 36, "seed": 840036, "shots": 500000, "fails": 2, "cum_shots": 18500000, "cum_fails": 89, "t": 207.6}
{"row": "rep7", "chunk": 37, "seed": 840037, "shots": 500000, "fails": 1, "cum_shots": 19000000, "cum_fails": 90, "t": 213.1}
{"row": "rep7", "chunk": 38, "seed": 840038, "shots": 500000, "fails": 5, "cum_shots": 19500000, "cum_fails": 95, "t": 218.6}
{"row": "rep7", "chunk": 39, "seed": 840039, "shots": 205263, "fails": 2, "cum_shots": 19705263, "cum_fails": 97, "t": 220.9}
{"stage": "S8-row", "row": "rep-7 [7,1,7]", "key": "rep7", "m": 1.0, "shots": 19705263, "fails": 97, "p_any": 4.922542774486187e-06, "eps": 6.153204971659498e-07, "eps_ci95": [4.989830656443317e-07, 7.506395354184292e-07], "floor_eps_ub": null, "scoreboard_kind": "measurement", "capped": null, "wall_s": 220.9}
{"row": "rep13", "chunk": 0, "seed": 850000, "shots": 500000, "fails": 0, "cum_shots": 500000, "cum_fails": 0, "t": 11.5}
{"row": "rep13", "chunk": 1, "seed": 850001, "shots": 500000, "fails": 0, "cum_shots": 1000000, "cum_fails": 0, "t": 22.9}
{"row": "rep13", "chunk": 2, "seed": 850002, "shots": 500000, "fails": 0, "cum_shots": 1500000, "cum_fails": 0, "t": 34.4}
{"row": "rep13", "chunk": 3, "seed": 850003, "shots": 500000, "fails": 0, "cum_shots": 2000000, "cum_fails": 0, "t": 45.9}
{"row": "rep13", "chunk": 4, "seed": 850004, "shots": 500000, "fails": 0, "cum_shots": 2500000, "cum_fails": 0, "t": 57.4}
{"row": "rep13", "chunk": 5, "seed": 850005, "shots": 500000, "fails": 0, "cum_shots": 3000000, "cum_fails": 0, "t": 69.1}
{"row": "rep13", "chunk": 6, "seed": 850006, "shots": 500000, "fails": 0, "cum_shots": 3500000, "cum_fails": 0, "t": 80.8}
{"row": "rep13", "chunk": 7, "seed": 850007, "shots": 500000, "fails": 0, "cum_shots": 4000000, "cum_fails": 0, "t": 92.5}
{"row": "rep13", "chunk": 8, "seed": 850008, "shots": 500000, "fails": 0, "cum_shots": 4500000, "cum_fails": 0, "t": 104.2}
{"row": "rep13", "chunk": 9, "seed": 850009, "shots": 500000, "fails": 0, "cum_shots": 5000000, "cum_fails": 0, "t": 115.9}
{"row": "rep13", "chunk": 10, "seed": 850010, "shots": 500000, "fails": 0, "cum_shots": 5500000, "cum_fails": 0, "t": 127.6}
{"row": "rep13", "chunk": 11, "seed": 850011, "shots": 500000, "fails": 0, "cum_shots": 6000000, "cum_fails": 0, "t": 139.3}
{"row": "rep13", "chunk": 12, "seed": 850012, "shots": 500000, "fails": 0, "cum_shots": 6500000, "cum_fails": 0, "t": 151.1}
{"row": "rep13", "chunk": 13, "seed": 850013, "shots": 500000, "fails": 0, "cum_shots": 7000000, "cum_fails": 0, "t": 162.8}
{"row": "rep13", "chunk": 14, "seed": 850014, "shots": 500000, "fails": 0, "cum_shots": 7500000, "cum_fails": 0, "t": 174.5}
{"row": "rep13", "chunk": 15, "seed": 850015, "shots": 500000, "fails": 0, "cum_shots": 8000000, "cum_fails": 0, "t": 186.2}
{"row": "rep13", "chunk": 16, "seed": 850016, "shots": 500000, "fails": 0, "cum_shots": 8500000, "cum_fails": 0, "t": 198.0}
{"row": "rep13", "chunk": 17, "seed": 850017, "shots": 500000, "fails": 0, "cum_shots": 9000000, "cum_fails": 0, "t": 209.6}
{"row": "rep13", "chunk": 18, "seed": 850018, "shots": 500000, "fails": 0, "cum_shots": 9500000, "cum_fails": 0, "t": 221.3}
{"row": "rep13", "chunk": 19, "seed": 850019, "shots": 500000, "fails": 0, "cum_shots": 10000000, "cum_fails": 0, "t": 232.7}
{"row": "rep13", "chunk": 20, "seed": 850020, "shots": 500000, "fails": 0, "cum_shots": 10500000, "cum_fails": 0, "t": 244.2}
{"row": "rep13", "chunk": 21, "seed": 850021, "shots": 500000, "fails": 0, "cum_shots": 11000000, "cum_fails": 0, "t": 255.7}
{"row": "rep13", "chunk": 22, "seed": 850022, "shots": 500000, "fails": 0, "cum_shots": 11500000, "cum_fails": 0, "t": 267.2}
{"row": "rep13", "chunk": 23, "seed": 850023, "shots": 500000, "fails": 0, "cum_shots": 12000000, "cum_fails": 0, "t": 278.6}
{"row": "rep13", "chunk": 24, "seed": 850024, "shots": 500000, "fails": 0, "cum_shots": 12500000, "cum_fails": 0, "t": 290.1}
{"row": "rep13", "chunk": 25, "seed": 850025, "shots": 500000, "fails": 0, "cum_shots": 13000000, "cum_fails": 0, "t": 301.6}
{"row": "rep13", "chunk": 26, "seed": 850026, "shots": 500000, "fails": 0, "cum_shots": 13500000, "cum_fails": 0, "t": 313.0}
{"row": "rep13", "chunk": 27, "seed": 850027, "shots": 500000, "fails": 0, "cum_shots": 14000000, "cum_fails": 0, "t": 324.5}
{"row": "rep13", "chunk": 28, "seed": 850028, "shots": 500000, "fails": 0, "cum_shots": 14500000, "cum_fails": 0, "t": 336.0}
{"row": "rep13", "chunk": 29, "seed": 850029, "shots": 500000, "fails": 0, "cum_shots": 15000000, "cum_fails": 0, "t": 347.5}
{"row": "rep13", "chunk": 30, "seed": 850030, "shots": 500000, "fails": 0, "cum_shots": 15500000, "cum_fails": 0, "t": 359.0}
{"row": "rep13", "chunk": 31, "seed": 850031, "shots": 500000, "fails": 0, "cum_shots": 16000000, "cum_fails": 0, "t": 370.4}
{"row": "rep13", "chunk": 32, "seed": 850032, "shots": 500000, "fails": 0, "cum_shots": 16500000, "cum_fails": 0, "t": 381.9}
{"row": "rep13", "chunk": 33, "seed": 850033, "shots": 500000, "fails": 0, "cum_shots": 17000000, "cum_fails": 0, "t": 393.3}
{"row": "rep13", "chunk": 34, "seed": 850034, "shots": 500000, "fails": 0, "cum_shots": 17500000, "cum_fails": 0, "t": 404.9}
{"row": "rep13", "chunk": 35, "seed": 850035, "shots": 500000, "fails": 0, "cum_shots": 18000000, "cum_fails": 0, "t": 416.3}
{"row": "rep13", "chunk": 36, "seed": 850036, "shots": 500000, "fails": 0, "cum_shots": 18500000, "cum_fails": 0, "t": 427.8}
{"row": "rep13", "chunk": 37, "seed": 850037, "shots": 500000, "fails": 0, "cum_shots": 19000000, "cum_fails": 0, "t": 439.3}
{"row": "rep13", "chunk": 38, "seed": 850038, "shots": 500000, "fails": 0, "cum_shots": 19500000, "cum_fails": 0, "t": 450.8}
{"row": "rep13", "chunk": 39, "seed": 850039, "shots": 500000, "fails": 0, "cum_shots": 20000000, "cum_fails": 0, "t": 462.2}
{"stage": "S8-row", "row": "rep-13 [13,1,13]", "key": "rep13", "m": 1.0, "shots": 20000000, "fails": 0, "p_any": 0.0, "eps": 0.0, "eps_ci95": [0.0, 2.3055500286695008e-08], "floor_eps_ub": 1.8750002439560376e-08, "scoreboard_kind": "floor", "capped": null, "wall_s": 462.2}
{"row": "winner", "chunk": 0, "seed": 810000, "shots": 500000, "fails": 2, "cum_shots": 500000, "cum_fails": 2, "t": 80.1}
{"row": "winner", "chunk": 1, "seed": 810001, "shots": 500000, "fails": 2, "cum_shots": 1000000, "cum_fails": 4, "t": 161.2}
{"row": "winner", "chunk": 2, "seed": 810002, "shots": 500000, "fails": 3, "cum_shots": 1500000, "cum_fails": 7, "t": 242.4}
{"row": "winner", "chunk": 3, "seed": 810003, "shots": 500000, "fails": 4, "cum_shots": 2000000, "cum_fails": 11, "t": 323.7}
{"row": "winner", "chunk": 4, "seed": 810004, "shots": 500000, "fails": 2, "cum_shots": 2500000, "cum_fails": 13, "t": 405.2}
{"row": "winner", "chunk": 5, "seed": 810005, "shots": 500000, "fails": 3, "cum_shots": 3000000, "cum_fails": 16, "t": 486.5}
{"row": "winner", "chunk": 6, "seed": 810006, "shots": 500000, "fails": 3, "cum_shots": 3500000, "cum_fails": 19, "t": 567.4}
{"row": "winner", "chunk": 7, "seed": 810007, "shots": 500000, "fails": 2, "cum_shots": 4000000, "cum_fails": 21, "t": 647.2}
{"row": "winner", "chunk": 8, "seed": 810008, "shots": 500000, "fails": 2, "cum_shots": 4500000, "cum_fails": 23, "t": 727.0}
{"row": "winner", "chunk": 9, "seed": 810009, "shots": 500000, "fails": 0, "cum_shots": 5000000, "cum_fails": 23, "t": 806.9}
{"row": "winner", "chunk": 10, "seed": 810010, "shots": 500000, "fails": 1, "cum_shots": 5500000, "cum_fails": 24, "t": 887.9}
{"row": "winner", "chunk": 11, "seed": 810011, "shots": 500000, "fails": 3, "cum_shots": 6000000, "cum_fails": 27, "t": 968.9}
{"row": "winner", "chunk": 12, "seed": 810012, "shots": 500000, "fails": 3, "cum_shots": 6500000, "cum_fails": 30, "t": 1050.4}
{"row": "winner", "chunk": 13, "seed": 810013, "shots": 500000, "fails": 2, "cum_shots": 7000000, "cum_fails": 32, "t": 1130.7}
{"row": "winner", "chunk": 14, "seed": 810014, "shots": 500000, "fails": 0, "cum_shots": 7500000, "cum_fails": 32, "t": 1210.9}
{"row": "winner", "chunk": 15, "seed": 810015, "shots": 500000, "fails": 0, "cum_shots": 8000000, "cum_fails": 32, "t": 1290.6}
{"row": "winner", "chunk": 16, "seed": 810016, "shots": 500000, "fails": 3, "cum_shots": 8500000, "cum_fails": 35, "t": 1370.6}
{"row": "winner", "chunk": 17, "seed": 810017, "shots": 500000, "fails": 0, "cum_shots": 9000000, "cum_fails": 35, "t": 1450.7}
{"row": "winner", "chunk": 18, "seed": 810018, "shots": 500000, "fails": 2, "cum_shots": 9500000, "cum_fails": 37, "t": 1531.6}
{"row": "winner", "chunk": 19, "seed": 810019, "shots": 500000, "fails": 1, "cum_shots": 10000000, "cum_fails": 38, "t": 1612.9}
{"row": "winner", "chunk": 20, "seed": 810020, "shots": 500000, "fails": 4, "cum_shots": 10500000, "cum_fails": 42, "t": 1693.9}
{"row": "winner", "chunk": 21, "seed": 810021, "shots": 500000, "fails": 2, "cum_shots": 11000000, "cum_fails": 44, "t": 1775.1}
{"row": "winner", "chunk": 22, "seed": 810022, "shots": 500000, "fails": 0, "cum_shots": 11500000, "cum_fails": 44, "t": 1856.1}
{"row": "winner", "chunk": 23, "seed": 810023, "shots": 500000, "fails": 1, "cum_shots": 12000000, "cum_fails": 45, "t": 1937.4}
{"row": "winner", "chunk": 24, "seed": 810024, "shots": 500000, "fails": 3, "cum_shots": 12500000, "cum_fails": 48, "t": 2018.8}
{"row": "winner", "chunk": 25, "seed": 810025, "shots": 500000, "fails": 1, "cum_shots": 13000000, "cum_fails": 49, "t": 2099.9}
{"row": "winner", "chunk": 26, "seed": 810026, "shots": 500000, "fails": 1, "cum_shots": 13500000, "cum_fails": 50, "t": 2181.1}
{"row": "winner", "chunk": 27, "seed": 810027, "shots": 500000, "fails": 5, "cum_shots": 14000000, "cum_fails": 55, "t": 2262.4}
{"row": "winner", "chunk": 28, "seed": 810028, "shots": 500000, "fails": 5, "cum_shots": 14500000, "cum_fails": 60, "t": 2343.6}
{"row": "winner", "chunk": 29, "seed": 810029, "shots": 500000, "fails": 3, "cum_shots": 15000000, "cum_fails": 63, "t": 2423.7}
{"row": "winner", "chunk": 30, "seed": 810030, "shots": 500000, "fails": 3, "cum_shots": 15500000, "cum_fails": 66, "t": 2503.8}
{"row": "winner", "chunk": 31, "seed": 810031, "shots": 500000, "fails": 3, "cum_shots": 16000000, "cum_fails": 69, "t": 2585.2}
{"row": "winner", "chunk": 32, "seed": 810032, "shots": 500000, "fails": 1, "cum_shots": 16500000, "cum_fails": 70, "t": 2665.6}
{"row": "winner", "chunk": 33, "seed": 810033, "shots": 500000, "fails": 5, "cum_shots": 17000000, "cum_fails": 75, "t": 2745.6}
{"row": "winner", "chunk": 34, "seed": 810034, "shots": 500000, "fails": 3, "cum_shots": 17500000, "cum_fails": 78, "t": 2826.1}
{"row": "winner", "chunk": 35, "seed": 810035, "shots": 500000, "fails": 1, "cum_shots": 18000000, "cum_fails": 79, "t": 2906.5}
{"row": "winner", "chunk": 36, "seed": 810036, "shots": 500000, "fails": 2, "cum_shots": 18500000, "cum_fails": 81, "t": 2986.8}
{"row": "winner", "chunk": 37, "seed": 810037, "shots": 500000, "fails": 2, "cum_shots": 19000000, "cum_fails": 83, "t": 3068.7}
{"row": "winner", "chunk": 38, "seed": 810038, "shots": 500000, "fails": 0, "cum_shots": 19500000, "cum_fails": 83, "t": 3149.7}
{"row": "winner", "chunk": 39, "seed": 810039, "shots": 500000, "fails": 2, "cum_shots": 20000000, "cum_fails": 85, "t": 3229.6}
{"stage": "S8-row", "row": "rep3(x)eh8 [24,4,12]", "key": "winner", "m": 1.0, "shots": 20000000, "fails": 85, "p_any": 4.25e-06, "eps": 1.3281283517407871e-07, "eps_ci95": [1.0608612166507214e-07, 1.6422522541859053e-07], "floor_eps_ub": null, "scoreboard_kind": "measurement", "capped": null, "wall_s": 3229.6}
{"row": "frontier", "chunk": 0, "seed": 820000, "shots": 500000, "fails": 9, "cum_shots": 500000, "cum_fails": 9, "t": 1107.8}
{"row": "frontier", "chunk": 1, "seed": 820001, "shots": 500000, "fails": 7, "cum_shots": 1000000, "cum_fails": 16, "t": 2201.3}
{"row": "frontier", "chunk": 2, "seed": 820002, "shots": 500000, "fails": 8, "cum_shots": 1500000, "cum_fails": 24, "t": 3292.8}
{"row": "frontier", "chunk": 3, "seed": 820003, "shots": 500000, "fails": 11, "cum_shots": 2000000, "cum_fails": 35, "t": 4383.4}
{"row": "frontier", "chunk": 4, "seed": 820004, "shots": 500000, "fails": 9, "cum_shots": 2500000, "cum_fails": 44, "t": 5481.0}
{"row": "frontier", "chunk": 5, "seed": 820005, "shots": 500000, "fails": 7, "cum_shots": 3000000, "cum_fails": 51, "t": 6576.2}
{"row": "frontier", "chunk": 6, "seed": 820006, "shots": 500000, "fails": 14, "cum_shots": 3500000, "cum_fails": 65, "t": 7678.7}
{"row": "frontier", "chunk": 7, "seed": 820007, "shots": 500000, "fails": 10, "cum_shots": 4000000, "cum_fails": 75, "t": 8773.6}
{"row": "frontier", "chunk": 8, "seed": 820008, "shots": 500000, "fails": 6, "cum_shots": 4500000, "cum_fails": 81, "t": 9870.8}
{"row": "frontier", "chunk": 9, "seed": 820009, "shots": 500000, "fails": 6, "cum_shots": 5000000, "cum_fails": 87, "t": 10965.9}
{"row": "frontier", "chunk": 10, "seed": 820010, "shots": 500000, "fails": 10, "cum_shots": 5500000, "cum_fails": 97, "t": 12070.7}
{"stage": "S8-row", "row": "eh8(x)eh8 [64,16,16]", "key": "frontier", "m": 1.0, "shots": 5500000, "fails": 97, "p_any": 1.7636363636363637e-05, "eps": 1.3778536289699161e-07, "eps_ci95": [1.117344523571262e-07, 1.680867990905277e-07], "floor_eps_ub": null, "scoreboard_kind": "measurement", "capped": null, "wall_s": 12070.7}
{"verdict": "S8 campaign sweep complete (rows may be capped/floored -- see rows)"}
